<?xml version="1.0" encoding="UTF-8"?>
<testng-results skipped="0" failed="0" ignored="3" total="4" passed="1">
  <reporter-output>
  </reporter-output>
  <suite name="All Test Suite" duration-ms="7268" started-at="2021-05-31T03:54:02 EDT" finished-at="2021-05-31T03:54:10 EDT">
    <groups>
      <group name="sanity">
        <method signature="LoginTest.adminLogin()[pri:0, instance:testcases.LoginTest@3dd4520b]" name="adminLogin" class="testcases.LoginTest"/>
      </group> <!-- sanity -->
    </groups>
    <test name="test" duration-ms="7268" started-at="2021-05-31T03:54:02 EDT" finished-at="2021-05-31T03:54:10 EDT">
      <class name="testcases.LoginTest">
        <test-method status="PASS" signature="setUp()[pri:0, instance:testcases.LoginTest@3dd4520b]" name="setUp" is-config="true" duration-ms="3735" started-at="2021-05-31T03:54:02 EDT" finished-at="2021-05-31T03:54:06 EDT">
          <reporter-output>
          </reporter-output>
        </test-method> <!-- setUp -->
        <test-method status="PASS" signature="adminLogin()[pri:0, instance:testcases.LoginTest@3dd4520b]" name="adminLogin" duration-ms="1988" started-at="2021-05-31T03:54:06 EDT" finished-at="2021-05-31T03:54:08 EDT">
          <reporter-output>
          </reporter-output>
        </test-method> <!-- adminLogin -->
        <test-method status="PASS" signature="tearDown()[pri:0, instance:testcases.LoginTest@3dd4520b]" name="tearDown" is-config="true" duration-ms="734" started-at="2021-05-31T03:54:09 EDT" finished-at="2021-05-31T03:54:10 EDT">
          <reporter-output>
          </reporter-output>
        </test-method> <!-- tearDown -->
      </class> <!-- testcases.LoginTest -->
    </test> <!-- test -->
  </suite> <!-- All Test Suite -->
</testng-results>
