<?xml version="1.0" encoding="UTF-8"?>
<!-- Generated by org.testng.reporters.JUnitXMLReporter -->
<testsuite hostname="Afzal-Rumon" ignored="3" name="test" tests="1" failures="0" timestamp="2021-05-31T03:54:10 EDT" time="7.268" errors="0">
  <testcase name="adminLogin" time="1.988" classname="testcases.LoginTest"/>
  <testcase name="addMultipleEmployee" time="0.0" classname="testcases.AddEmployeePageTest">
    <ignored/>
  </testcase> <!-- addMultipleEmployee -->
  <testcase name="addEmployee" time="0.0" classname="testcases.AddEmployeePageTest">
    <ignored/>
  </testcase> <!-- addEmployee -->
  <testcase name="invalidLoginErrorMessageValidation" time="0.0" classname="testcases.LoginTest">
    <ignored/>
  </testcase> <!-- invalidLoginErrorMessageValidation -->
</testsuite> <!-- test -->
